# JRE version: OpenJDK Runtime Environment (8.0_242-b01) (build 1.8.0_242-release-1644-b01)
# Java VM: OpenJDK 64-Bit Server VM (25.242-b01 mixed mode windows-amd64 compressed oops)
Heap:
 PSYoungGen      total 400896K, used 145198K [0x00000000e0000000, 0x0000000100000000, 0x0000000100000000)
  eden space 348160K, 26% used [0x00000000e0000000,0x00000000e5a86158,0x00000000f5400000)
  from space 52736K, 99% used [0x00000000f5400000,0x00000000f8745a98,0x00000000f8780000)
  to   space 88576K, 0% used [0x00000000fa980000,0x00000000fa980000,0x0000000100000000)
 ParOldGen       total 361984K, used 60731K [0x00000000a0000000, 0x00000000b6180000, 0x00000000e0000000)
  object space 361984K, 16% used [0x00000000a0000000,0x00000000a3b4ecd0,0x00000000b6180000)
 Metaspace       used 111930K, capacity 119472K, committed 119848K, reserved 1153024K
  class space    used 14276K, capacity 15811K, committed 15912K, reserved 1048576K
GC Heap History (10 events):
Event: 6574.859 GC heap before
{Heap before GC invocations=70 (full 8):
 PSYoungGen      total 439296K, used 351744K [0x00000000e0000000, 0x0000000100000000, 0x0000000100000000)
  eden space 351744K, 100% used [0x00000000e0000000,0x00000000f5780000,0x00000000f5780000)
  from space 87552K, 0% used [0x00000000faa80000,0x00000000faa80000,0x0000000100000000)
  to   space 84992K, 0% used [0x00000000f5780000,0x00000000f5780000,0x00000000faa80000)
 ParOldGen       total 361984K, used 60699K [0x00000000a0000000, 0x00000000b6180000, 0x00000000e0000000)
  object space 361984K, 16% used [0x00000000a0000000,0x00000000a3b46cd0,0x00000000b6180000)
 Metaspace       used 110540K, capacity 117122K, committed 118952K, reserved 1153024K
  class space    used 14101K, capacity 15442K, committed 15784K, reserved 1048576K
Event: 6575.072 GC heap after
Heap after GC invocations=70 (full 8):
 PSYoungGen      total 397824K, used 45878K [0x00000000e0000000, 0x00000000ffc80000, 0x0000000100000000)
  eden space 351744K, 0% used [0x00000000e0000000,0x00000000e0000000,0x00000000f5780000)
  from space 46080K, 99% used [0x00000000f5780000,0x00000000f844da68,0x00000000f8480000)
  to   space 84480K, 0% used [0x00000000faa00000,0x00000000faa00000,0x00000000ffc80000)
 ParOldGen       total 361984K, used 60707K [0x00000000a0000000, 0x00000000b6180000, 0x00000000e0000000)
  object space 361984K, 16% used [0x00000000a0000000,0x00000000a3b48cd0,0x00000000b6180000)
 Metaspace       used 110540K, capacity 117122K, committed 118952K, reserved 1153024K
  class space    used 14101K, capacity 15442K, committed 15784K, reserved 1048576K
}
Event: 7070.023 GC heap before
{Heap before GC invocations=71 (full 8):
 PSYoungGen      total 397824K, used 397622K [0x00000000e0000000, 0x00000000ffc80000, 0x0000000100000000)
  eden space 351744K, 100% used [0x00000000e0000000,0x00000000f5780000,0x00000000f5780000)
  from space 46080K, 99% used [0x00000000f5780000,0x00000000f844da68,0x00000000f8480000)
  to   space 84480K, 0% used [0x00000000faa00000,0x00000000faa00000,0x00000000ffc80000)
 ParOldGen       total 361984K, used 60707K [0x00000000a0000000, 0x00000000b6180000, 0x00000000e0000000)
  object space 361984K, 16% used [0x00000000a0000000,0x00000000a3b48cd0,0x00000000b6180000)
 Metaspace       used 111079K, capacity 117914K, committed 119208K, reserved 1153024K
  class space    used 14163K, capacity 15551K, committed 15784K, reserved 1048576K
Event: 7070.386 GC heap after
Heap after GC invocations=71 (full 8):
 PSYoungGen      total 433152K, used 57030K [0x00000000e0000000, 0x0000000100000000, 0x0000000100000000)
  eden space 348672K, 0% used [0x00000000e0000000,0x00000000e0000000,0x00000000f5480000)
  from space 84480K, 67% used [0x00000000faa00000,0x00000000fe1b1aa8,0x00000000ffc80000)
  to   space 87552K, 0% used [0x00000000f5480000,0x00000000f5480000,0x00000000faa00000)
 ParOldGen       total 361984K, used 60715K [0x00000000a0000000, 0x00000000b6180000, 0x00000000e0000000)
  object space 361984K, 16% used [0x00000000a0000000,0x00000000a3b4acd0,0x00000000b6180000)
 Metaspace       used 111079K, capacity 117914K, committed 119208K, reserved 1153024K
  class space    used 14163K, capacity 15551K, committed 15784K, reserved 1048576K
}
Event: 9601.683 GC heap before
{Heap before GC invocations=72 (full 8):
 PSYoungGen      total 433152K, used 405702K [0x00000000e0000000, 0x0000000100000000, 0x0000000100000000)
  eden space 348672K, 100% used [0x00000000e0000000,0x00000000f5480000,0x00000000f5480000)
  from space 84480K, 67% used [0x00000000faa00000,0x00000000fe1b1aa8,0x00000000ffc80000)
  to   space 87552K, 0% used [0x00000000f5480000,0x00000000f5480000,0x00000000faa00000)
 ParOldGen       total 361984K, used 60715K [0x00000000a0000000, 0x00000000b6180000, 0x00000000e0000000)
  object space 361984K, 16% used [0x00000000a0000000,0x00000000a3b4acd0,0x00000000b6180000)
 Metaspace       used 111417K, capacity 118458K, committed 119592K, reserved 1153024K
  class space    used 14190K, capacity 15627K, committed 15912K, reserved 1048576K
Event: 9601.910 GC heap after
Heap after GC invocations=72 (full 8):
 PSYoungGen      total 436224K, used 16406K [0x00000000e0000000, 0x0000000100000000, 0x0000000100000000)
  eden space 348672K, 0% used [0x00000000e0000000,0x00000000e0000000,0x00000000f5480000)
  from space 87552K, 18% used [0x00000000f5480000,0x00000000f6485b70,0x00000000faa00000)
  to   space 86016K, 0% used [0x00000000fac00000,0x00000000fac00000,0x0000000100000000)
 ParOldGen       total 361984K, used 60723K [0x00000000a0000000, 0x00000000b6180000, 0x00000000e0000000)
  object space 361984K, 16% used [0x00000000a0000000,0x00000000a3b4ccd0,0x00000000b6180000)
 Metaspace       used 111417K, capacity 118458K, committed 119592K, reserved 1153024K
  class space    used 14190K, capacity 15627K, committed 15912K, reserved 1048576K
}
Event: 16730.922 GC heap before
{Heap before GC invocations=73 (full 8):
 PSYoungGen      total 436224K, used 365078K [0x00000000e0000000, 0x0000000100000000, 0x0000000100000000)
  eden space 348672K, 100% used [0x00000000e0000000,0x00000000f5480000,0x00000000f5480000)
  from space 87552K, 18% used [0x00000000f5480000,0x00000000f6485b70,0x00000000faa00000)
  to   space 86016K, 0% used [0x00000000fac00000,0x00000000fac00000,0x0000000100000000)
 ParOldGen       total 361984K, used 60723K [0x00000000a0000000, 0x00000000b6180000, 0x00000000e0000000)
  object space 361984K, 16% used [0x00000000a0000000,0x00000000a3b4ccd0,0x00000000b6180000)
 Metaspace       used 111633K, capacity 118954K, committed 119592K, reserved 1153024K
  class space    used 14235K, capacity 15709K, committed 15912K, reserved 1048576K
Event: 16733.121 GC heap after
Heap after GC invocations=73 (full 8):
 PSYoungGen      total 434176K, used 54358K [0x00000000e0000000, 0x0000000100000000, 0x0000000100000000)
  eden space 348160K, 0% used [0x00000000e0000000,0x00000000e0000000,0x00000000f5400000)
  from space 86016K, 63% used [0x00000000fac00000,0x00000000fe115ab8,0x0000000100000000)
  to   space 88064K, 0% used [0x00000000f5400000,0x00000000f5400000,0x00000000faa00000)
 ParOldGen       total 361984K, used 60723K [0x00000000a0000000, 0x00000000b6180000, 0x00000000e0000000)
  object space 361984K, 16% used [0x00000000a0000000,0x00000000a3b4ccd0,0x00000000b6180000)
 Metaspace       used 111633K, capacity 118954K, committed 119592K, reserved 1153024K
  class space    used 14235K, capacity 15709K, committed 15912K, reserved 1048576K
}
Event: 16766.171 GC heap before
{Heap before GC invocations=74 (full 8):
 PSYoungGen      total 434176K, used 402518K [0x00000000e0000000, 0x0000000100000000, 0x0000000100000000)
  eden space 348160K, 100% used [0x00000000e0000000,0x00000000f5400000,0x00000000f5400000)
  from space 86016K, 63% used [0x00000000fac00000,0x00000000fe115ab8,0x0000000100000000)
  to   space 88064K, 0% used [0x00000000f5400000,0x00000000f5400000,0x00000000faa00000)
 ParOldGen       total 361984K, used 60723K [0x00000000a0000000, 0x00000000b6180000, 0x00000000e0000000)
  object space 361984K, 16% used [0x00000000a0000000,0x00000000a3b4ccd0,0x00000000b6180000)
 Metaspace       used 111833K, capacity 119214K, committed 119592K, reserved 1153024K
  class space    used 14253K, capacity 15743K, committed 15912K, reserved 1048576K
Event: 16768.394 GC heap after
Heap after GC invocations=74 (full 8):
 PSYoungGen      total 400896K, used 52502K [0x00000000e0000000, 0x0000000100000000, 0x0000000100000000)
  eden space 348160K, 0% used [0x00000000e0000000,0x00000000e0000000,0x00000000f5400000)
  from space 52736K, 99% used [0x00000000f5400000,0x00000000f8745a98,0x00000000f8780000)
  to   space 88576K, 0% used [0x00000000fa980000,0x00000000fa980000,0x0000000100000000)
 ParOldGen       total 361984K, used 60731K [0x00000000a0000000, 0x00000000b6180000, 0x00000000e0000000)
  object space 361984K, 16% used [0x00000000a0000000,0x00000000a3b4ecd0,0x00000000b6180000)
 Metaspace       used 111833K, capacity 119214K, committed 119592K, reserved 1153024K
  class space    used 14253K, capacity 15743K, committed 15912K, reserved 1048576K
}

